This file contains any messages produced by compilers while
running configure, to aid debugging if configure makes a mistake.

It was created by clustalw configure 2.1, which was
generated by GNU Autoconf 2.65.  Invocation command line was

  $ ./configure 

## --------- ##
## Platform. ##
## --------- ##

hostname = bk-deepthought
uname -m = arm64
uname -r = 21.2.0
uname -s = Darwin
uname -v = Darwin Kernel Version 21.2.0: Sun Nov 28 20:29:10 PST 2021; root:xnu-8019.61.5~1/RELEASE_ARM64_T8101

/usr/bin/uname -p = arm
/bin/uname -X     = unknown

/bin/arch              = unknown
/usr/bin/arch -k       = unknown
/usr/convex/getsysinfo = unknown
/usr/bin/hostinfo      = Mach kernel version:
	 Darwin Kernel Version 21.2.0: Sun Nov 28 20:29:10 PST 2021; root:xnu-8019.61.5~1/RELEASE_ARM64_T8101
Kernel configured for up to 8 processors.
8 processors are physically available.
8 processors are logically available.
Processor type: arm64e (ARM64E)
Processors active: 0 1 2 3 4 5 6 7
Primary memory available: 16.00 gigabytes
Default processor set: 609 tasks, 3463 threads, 8 processors
Load average: 1.53, Mach factor: 6.46
/bin/machine           = unknown
/usr/bin/oslevel       = unknown
/bin/universe          = unknown

PATH: /usr/local/bin
PATH: /usr/bin
PATH: /bin
PATH: /usr/sbin
PATH: /sbin


## ----------- ##
## Core tests. ##
## ----------- ##

configure:2211: checking build system type
configure:2225: result: arm-apple-darwin21.2.0
configure:2245: checking host system type
configure:2258: result: arm-apple-darwin21.2.0
configure:2278: checking target system type
configure:2291: result: arm-apple-darwin21.2.0
configure:2377: checking for a BSD-compatible install
configure:2445: result: /usr/bin/install -c
configure:2456: checking whether build environment is sane
configure:2506: result: yes
configure:2647: checking for a thread-safe mkdir -p
configure:2686: result: ./install-sh -c -d
configure:2699: checking for gawk
configure:2729: result: no
configure:2699: checking for mawk
configure:2729: result: no
configure:2699: checking for nawk
configure:2729: result: no
configure:2699: checking for awk
configure:2715: found /usr/bin/awk
configure:2726: result: awk
configure:2737: checking whether make sets $(MAKE)
configure:2759: result: yes
configure:2840: checking whether make sets $(MAKE)
configure:2862: result: yes
configure:2922: checking for gcc
configure:2938: found /usr/bin/gcc
configure:2949: result: gcc
configure:3178: checking for C compiler version
configure:3187: gcc --version >&5
Apple clang version 13.0.0 (clang-1300.0.27.3)
Target: arm64-apple-darwin21.2.0
Thread model: posix
InstalledDir: /Library/Developer/CommandLineTools/usr/bin
Configured with: --prefix=/Library/Developer/CommandLineTools/usr --with-gxx-include-dir=/Library/Developer/CommandLineTools/SDKs/MacOSX12.1.sdk/usr/include/c++/4.2.1
configure:3198: $? = 0
configure:3187: gcc -v >&5
Configured with: --prefix=/Library/Developer/CommandLineTools/usr --with-gxx-include-dir=/Library/Developer/CommandLineTools/SDKs/MacOSX12.1.sdk/usr/include/c++/4.2.1
Apple clang version 13.0.0 (clang-1300.0.27.3)
Target: arm64-apple-darwin21.2.0
Thread model: posix
InstalledDir: /Library/Developer/CommandLineTools/usr/bin
configure:3198: $? = 0
configure:3187: gcc -V >&5
clang: error: argument to '-V' is missing (expected 1 value)
clang: error: no input files
configure:3198: $? = 1
configure:3187: gcc -qversion >&5
clang: error: unknown argument '-qversion'; did you mean '--version'?
clang: error: no input files
configure:3198: $? = 1
configure:3218: checking whether the C compiler works
configure:3240: gcc    conftest.c  >&5
configure:3244: $? = 0
configure:3293: result: yes
configure:3296: checking for C compiler default output file name
configure:3298: result: a.out
configure:3304: checking for suffix of executables
configure:3311: gcc -o conftest    conftest.c  >&5
configure:3315: $? = 0
configure:3337: result: 
configure:3359: checking whether we are cross compiling
configure:3367: gcc -o conftest    conftest.c  >&5
configure:3371: $? = 0
configure:3378: ./conftest
configure:3382: $? = 0
configure:3397: result: no
configure:3402: checking for suffix of object files
configure:3424: gcc -c   conftest.c >&5
configure:3428: $? = 0
configure:3449: result: o
configure:3453: checking whether we are using the GNU C compiler
configure:3472: gcc -c   conftest.c >&5
configure:3472: $? = 0
configure:3481: result: yes
configure:3490: checking whether gcc accepts -g
configure:3510: gcc -c -g  conftest.c >&5
configure:3510: $? = 0
configure:3551: result: yes
configure:3568: checking for gcc option to accept ISO C89
configure:3632: gcc  -c -g -O2  conftest.c >&5
configure:3632: $? = 0
configure:3645: result: none needed
configure:3676: checking for style of include used by make
configure:3704: result: GNU
configure:3729: checking dependency style of gcc
configure:3839: result: gcc3
configure:3912: checking for g++
configure:3928: found /usr/bin/g++
configure:3939: result: g++
configure:3966: checking for C++ compiler version
configure:3975: g++ --version >&5
Apple clang version 13.0.0 (clang-1300.0.27.3)
Target: arm64-apple-darwin21.2.0
Thread model: posix
InstalledDir: /Library/Developer/CommandLineTools/usr/bin
Configured with: --prefix=/Library/Developer/CommandLineTools/usr --with-gxx-include-dir=/Library/Developer/CommandLineTools/SDKs/MacOSX12.1.sdk/usr/include/c++/4.2.1
configure:3986: $? = 0
configure:3975: g++ -v >&5
Configured with: --prefix=/Library/Developer/CommandLineTools/usr --with-gxx-include-dir=/Library/Developer/CommandLineTools/SDKs/MacOSX12.1.sdk/usr/include/c++/4.2.1
Apple clang version 13.0.0 (clang-1300.0.27.3)
Target: arm64-apple-darwin21.2.0
Thread model: posix
InstalledDir: /Library/Developer/CommandLineTools/usr/bin
configure:3986: $? = 0
configure:3975: g++ -V >&5
clang: error: argument to '-V' is missing (expected 1 value)
clang: error: no input files
configure:3986: $? = 1
configure:3975: g++ -qversion >&5
clang: error: unknown argument '-qversion'; did you mean '--version'?
clang: error: no input files
configure:3986: $? = 1
configure:3990: checking whether we are using the GNU C++ compiler
configure:4009: g++ -c   conftest.cpp >&5
configure:4009: $? = 0
configure:4018: result: yes
configure:4027: checking whether g++ accepts -g
configure:4047: g++ -c -g  conftest.cpp >&5
configure:4047: $? = 0
configure:4088: result: yes
configure:4113: checking dependency style of g++
configure:4223: result: gcc3
configure:4284: checking for ranlib
configure:4300: found /usr/bin/ranlib
configure:4311: result: ranlib
configure:4353: checking how to run the C++ preprocessor
configure:4380: g++ -E  conftest.cpp
configure:4380: $? = 0
configure:4394: g++ -E  conftest.cpp
conftest.cpp:13:10: fatal error: 'ac_nonexistent.h' file not found
#include <ac_nonexistent.h>
         ^~~~~~~~~~~~~~~~~~
1 error generated.
configure:4394: $? = 1
configure: failed program was:
| /* confdefs.h */
| #define PACKAGE_NAME "clustalw"
| #define PACKAGE_TARNAME "clustalw"
| #define PACKAGE_VERSION "2.1"
| #define PACKAGE_STRING "clustalw 2.1"
| #define PACKAGE_BUGREPORT "clustalw@ucd.ie"
| #define PACKAGE_URL ""
| #define OS_MAC 1
| #define OS_UNIX 1
| #define PACKAGE "clustalw"
| #define VERSION "2.1"
| /* end confdefs.h.  */
| #include <ac_nonexistent.h>
configure:4419: result: g++ -E
configure:4439: g++ -E  conftest.cpp
configure:4439: $? = 0
configure:4453: g++ -E  conftest.cpp
conftest.cpp:13:10: fatal error: 'ac_nonexistent.h' file not found
#include <ac_nonexistent.h>
         ^~~~~~~~~~~~~~~~~~
1 error generated.
configure:4453: $? = 1
configure: failed program was:
| /* confdefs.h */
| #define PACKAGE_NAME "clustalw"
| #define PACKAGE_TARNAME "clustalw"
| #define PACKAGE_VERSION "2.1"
| #define PACKAGE_STRING "clustalw 2.1"
| #define PACKAGE_BUGREPORT "clustalw@ucd.ie"
| #define PACKAGE_URL ""
| #define OS_MAC 1
| #define OS_UNIX 1
| #define PACKAGE "clustalw"
| #define VERSION "2.1"
| /* end confdefs.h.  */
| #include <ac_nonexistent.h>
configure:4482: checking for grep that handles long lines and -e
configure:4540: result: /usr/bin/grep
configure:4545: checking for egrep
configure:4607: result: /usr/bin/grep -E
configure:4612: checking for ANSI C header files
configure:4632: g++ -c -g -O2  conftest.cpp >&5
configure:4632: $? = 0
configure:4705: g++ -o conftest -g -O2   conftest.cpp  >&5
configure:4705: $? = 0
configure:4705: ./conftest
configure:4705: $? = 0
configure:4716: result: yes
configure:4732: checking for sys/types.h
configure:4732: g++ -c -g -O2  conftest.cpp >&5
configure:4732: $? = 0
configure:4732: result: yes
configure:4732: checking for sys/stat.h
configure:4732: g++ -c -g -O2  conftest.cpp >&5
configure:4732: $? = 0
configure:4732: result: yes
configure:4732: checking for stdlib.h
configure:4732: g++ -c -g -O2  conftest.cpp >&5
configure:4732: $? = 0
configure:4732: result: yes
configure:4732: checking for string.h
configure:4732: g++ -c -g -O2  conftest.cpp >&5
configure:4732: $? = 0
configure:4732: result: yes
configure:4732: checking for memory.h
configure:4732: g++ -c -g -O2  conftest.cpp >&5
configure:4732: $? = 0
configure:4732: result: yes
configure:4732: checking for strings.h
configure:4732: g++ -c -g -O2  conftest.cpp >&5
configure:4732: $? = 0
configure:4732: result: yes
configure:4732: checking for inttypes.h
configure:4732: g++ -c -g -O2  conftest.cpp >&5
configure:4732: $? = 0
configure:4732: result: yes
configure:4732: checking for stdint.h
configure:4732: g++ -c -g -O2  conftest.cpp >&5
configure:4732: $? = 0
configure:4732: result: yes
configure:4732: checking for unistd.h
configure:4732: g++ -c -g -O2  conftest.cpp >&5
configure:4732: $? = 0
configure:4732: result: yes
configure:4745: checking for stdbool.h that conforms to C99
configure:4830: g++ -c -g -O2  conftest.cpp >&5
conftest.cpp:26:2: error: expected unqualified-id
 "error: bool is not defined"
 ^
conftest.cpp:44:36: error: C++ requires a type specifier for all declarations
        struct s { _Bool s: 1; _Bool t; } s;
                                          ^
2 errors generated.
configure:4830: $? = 1
configure: failed program was:
| /* confdefs.h */
| #define PACKAGE_NAME "clustalw"
| #define PACKAGE_TARNAME "clustalw"
| #define PACKAGE_VERSION "2.1"
| #define PACKAGE_STRING "clustalw 2.1"
| #define PACKAGE_BUGREPORT "clustalw@ucd.ie"
| #define PACKAGE_URL ""
| #define OS_MAC 1
| #define OS_UNIX 1
| #define PACKAGE "clustalw"
| #define VERSION "2.1"
| #define STDC_HEADERS 1
| #define HAVE_SYS_TYPES_H 1
| #define HAVE_SYS_STAT_H 1
| #define HAVE_STDLIB_H 1
| #define HAVE_STRING_H 1
| #define HAVE_MEMORY_H 1
| #define HAVE_STRINGS_H 1
| #define HAVE_INTTYPES_H 1
| #define HAVE_STDINT_H 1
| #define HAVE_UNISTD_H 1
| /* end confdefs.h.  */
| 
| #include <stdbool.h>
| #ifndef bool
|  "error: bool is not defined"
| #endif
| #ifndef false
|  "error: false is not defined"
| #endif
| #if false
|  "error: false is not 0"
| #endif
| #ifndef true
|  "error: true is not defined"
| #endif
| #if true != 1
|  "error: true is not 1"
| #endif
| #ifndef __bool_true_false_are_defined
|  "error: __bool_true_false_are_defined is not defined"
| #endif
| 
| 	struct s { _Bool s: 1; _Bool t; } s;
| 
| 	char a[true == 1 ? 1 : -1];
| 	char b[false == 0 ? 1 : -1];
| 	char c[__bool_true_false_are_defined == 1 ? 1 : -1];
| 	char d[(bool) 0.5 == true ? 1 : -1];
| 	bool e = &s;
| 	char f[(_Bool) 0.0 == false ? 1 : -1];
| 	char g[true];
| 	char h[sizeof (_Bool)];
| 	char i[sizeof s.t];
| 	enum { j = false, k = true, l = false * true, m = true * 256 };
| 	/* The following fails for
| 	   HP aC++/ANSI C B3910B A.05.55 [Dec 04 2003]. */
| 	_Bool n[m];
| 	char o[sizeof n == m * sizeof n[0] ? 1 : -1];
| 	char p[-1 - (_Bool) 0 < 0 && -1 - (bool) 0 < 0 ? 1 : -1];
| #	if defined __xlc__ || defined __GNUC__
| 	 /* Catch a bug in IBM AIX xlc compiler version 6.0.0.0
| 	    reported by James Lemley on 2005-10-05; see
| 	    http://lists.gnu.org/archive/html/bug-coreutils/2005-10/msg00086.html
| 	    This test is not quite right, since xlc is allowed to
| 	    reject this program, as the initializer for xlcbug is
| 	    not one of the forms that C requires support for.
| 	    However, doing the test right would require a runtime
| 	    test, and that would make cross-compilation harder.
| 	    Let us hope that IBM fixes the xlc bug, and also adds
| 	    support for this kind of constant expression.  In the
| 	    meantime, this test will reject xlc, which is OK, since
| 	    our stdbool.h substitute should suffice.  We also test
| 	    this with GCC, where it should work, to detect more
| 	    quickly whether someone messes up the test in the
| 	    future.  */
| 	 char digs[] = "0123456789";
| 	 int xlcbug = 1 / (&(digs + 5)[-2 + (bool) 1] == &digs[4] ? 1 : -1);
| #	endif
| 	/* Catch a bug in an HP-UX C compiler.  See
| 	   http://gcc.gnu.org/ml/gcc-patches/2003-12/msg02303.html
| 	   http://lists.gnu.org/archive/html/bug-coreutils/2005-11/msg00161.html
| 	 */
| 	_Bool q = true;
| 	_Bool *pq = &q;
| 
| int
| main ()
| {
| 
| 	*pq |= q;
| 	*pq |= ! q;
| 	/* Refer to every declared value, to avoid compiler optimizations.  */
| 	return (!a + !b + !c + !d + !e + !f + !g + !h + !i + !!j + !k + !!l
| 		+ !m + !n + !o + !p + !q + !pq);
| 
|   ;
|   return 0;
| }
configure:4837: result: no
configure:4839: checking for _Bool
configure:4839: g++ -c -g -O2  conftest.cpp >&5
conftest.cpp:59:13: error: use of undeclared identifier '_Bool'
if (sizeof (_Bool))
            ^
1 error generated.
configure:4839: $? = 1
configure: failed program was:
| /* confdefs.h */
| #define PACKAGE_NAME "clustalw"
| #define PACKAGE_TARNAME "clustalw"
| #define PACKAGE_VERSION "2.1"
| #define PACKAGE_STRING "clustalw 2.1"
| #define PACKAGE_BUGREPORT "clustalw@ucd.ie"
| #define PACKAGE_URL ""
| #define OS_MAC 1
| #define OS_UNIX 1
| #define PACKAGE "clustalw"
| #define VERSION "2.1"
| #define STDC_HEADERS 1
| #define HAVE_SYS_TYPES_H 1
| #define HAVE_SYS_STAT_H 1
| #define HAVE_STDLIB_H 1
| #define HAVE_STRING_H 1
| #define HAVE_MEMORY_H 1
| #define HAVE_STRINGS_H 1
| #define HAVE_INTTYPES_H 1
| #define HAVE_STDINT_H 1
| #define HAVE_UNISTD_H 1
| /* end confdefs.h.  */
| #include <stdio.h>
| #ifdef HAVE_SYS_TYPES_H
| # include <sys/types.h>
| #endif
| #ifdef HAVE_SYS_STAT_H
| # include <sys/stat.h>
| #endif
| #ifdef STDC_HEADERS
| # include <stdlib.h>
| # include <stddef.h>
| #else
| # ifdef HAVE_STDLIB_H
| #  include <stdlib.h>
| # endif
| #endif
| #ifdef HAVE_STRING_H
| # if !defined STDC_HEADERS && defined HAVE_MEMORY_H
| #  include <memory.h>
| # endif
| # include <string.h>
| #endif
| #ifdef HAVE_STRINGS_H
| # include <strings.h>
| #endif
| #ifdef HAVE_INTTYPES_H
| # include <inttypes.h>
| #endif
| #ifdef HAVE_STDINT_H
| # include <stdint.h>
| #endif
| #ifdef HAVE_UNISTD_H
| # include <unistd.h>
| #endif
| int
| main ()
| {
| if (sizeof (_Bool))
| 	 return 0;
|   ;
|   return 0;
| }
configure:4839: result: no
configure:4855: checking for an ANSI C-conforming const
configure:4920: g++ -c -g -O2  conftest.cpp >&5
configure:4920: $? = 0
configure:4927: result: yes
configure:4935: checking for size_t
configure:4935: g++ -c -g -O2  conftest.cpp >&5
configure:4935: $? = 0
configure:4935: g++ -c -g -O2  conftest.cpp >&5
conftest.cpp:59:21: error: expected expression
if (sizeof ((size_t)))
                    ^
1 error generated.
configure:4935: $? = 1
configure: failed program was:
| /* confdefs.h */
| #define PACKAGE_NAME "clustalw"
| #define PACKAGE_TARNAME "clustalw"
| #define PACKAGE_VERSION "2.1"
| #define PACKAGE_STRING "clustalw 2.1"
| #define PACKAGE_BUGREPORT "clustalw@ucd.ie"
| #define PACKAGE_URL ""
| #define OS_MAC 1
| #define OS_UNIX 1
| #define PACKAGE "clustalw"
| #define VERSION "2.1"
| #define STDC_HEADERS 1
| #define HAVE_SYS_TYPES_H 1
| #define HAVE_SYS_STAT_H 1
| #define HAVE_STDLIB_H 1
| #define HAVE_STRING_H 1
| #define HAVE_MEMORY_H 1
| #define HAVE_STRINGS_H 1
| #define HAVE_INTTYPES_H 1
| #define HAVE_STDINT_H 1
| #define HAVE_UNISTD_H 1
| /* end confdefs.h.  */
| #include <stdio.h>
| #ifdef HAVE_SYS_TYPES_H
| # include <sys/types.h>
| #endif
| #ifdef HAVE_SYS_STAT_H
| # include <sys/stat.h>
| #endif
| #ifdef STDC_HEADERS
| # include <stdlib.h>
| # include <stddef.h>
| #else
| # ifdef HAVE_STDLIB_H
| #  include <stdlib.h>
| # endif
| #endif
| #ifdef HAVE_STRING_H
| # if !defined STDC_HEADERS && defined HAVE_MEMORY_H
| #  include <memory.h>
| # endif
| # include <string.h>
| #endif
| #ifdef HAVE_STRINGS_H
| # include <strings.h>
| #endif
| #ifdef HAVE_INTTYPES_H
| # include <inttypes.h>
| #endif
| #ifdef HAVE_STDINT_H
| # include <stdint.h>
| #endif
| #ifdef HAVE_UNISTD_H
| # include <unistd.h>
| #endif
| int
| main ()
| {
| if (sizeof ((size_t)))
| 	    return 0;
|   ;
|   return 0;
| }
configure:4935: result: yes
configure:4961: checking for stdlib.h
configure:4961: result: yes
configure:4971: checking for GNU libc compatible malloc
configure:4995: g++ -o conftest -g -O2   conftest.cpp  >&5
configure:4995: $? = 0
configure:4995: ./conftest
configure:4995: $? = 0
configure:5005: result: yes
configure:5229: creating ./config.status

## ---------------------- ##
## Running config.status. ##
## ---------------------- ##

This file was extended by clustalw config.status 2.1, which was
generated by GNU Autoconf 2.65.  Invocation command line was

  CONFIG_FILES    = 
  CONFIG_HEADERS  = 
  CONFIG_LINKS    = 
  CONFIG_COMMANDS = 
  $ ./config.status 

on bk-deepthought

config.status:878: creating Makefile
config.status:878: creating m4/Makefile
config.status:878: creating src/Makefile
config.status:878: creating src/clustalw_version.h
config.status:878: creating src/config.h
config.status:1050: src/config.h is unchanged
config.status:1098: executing depfiles commands

## ---------------- ##
## Cache variables. ##
## ---------------- ##

ac_cv_build=arm-apple-darwin21.2.0
ac_cv_c_compiler_gnu=yes
ac_cv_c_const=yes
ac_cv_cxx_compiler_gnu=yes
ac_cv_env_CCC_set=
ac_cv_env_CCC_value=
ac_cv_env_CC_set=
ac_cv_env_CC_value=
ac_cv_env_CFLAGS_set=
ac_cv_env_CFLAGS_value=
ac_cv_env_CPPFLAGS_set=
ac_cv_env_CPPFLAGS_value=
ac_cv_env_CXXCPP_set=
ac_cv_env_CXXCPP_value=
ac_cv_env_CXXFLAGS_set=
ac_cv_env_CXXFLAGS_value=
ac_cv_env_CXX_set=
ac_cv_env_CXX_value=
ac_cv_env_LDFLAGS_set=
ac_cv_env_LDFLAGS_value=
ac_cv_env_LIBS_set=
ac_cv_env_LIBS_value=
ac_cv_env_build_alias_set=
ac_cv_env_build_alias_value=
ac_cv_env_host_alias_set=
ac_cv_env_host_alias_value=
ac_cv_env_target_alias_set=
ac_cv_env_target_alias_value=
ac_cv_func_malloc_0_nonnull=yes
ac_cv_header_inttypes_h=yes
ac_cv_header_memory_h=yes
ac_cv_header_stdbool_h=no
ac_cv_header_stdc=yes
ac_cv_header_stdint_h=yes
ac_cv_header_stdlib_h=yes
ac_cv_header_string_h=yes
ac_cv_header_strings_h=yes
ac_cv_header_sys_stat_h=yes
ac_cv_header_sys_types_h=yes
ac_cv_header_unistd_h=yes
ac_cv_host=arm-apple-darwin21.2.0
ac_cv_objext=o
ac_cv_path_EGREP='/usr/bin/grep -E'
ac_cv_path_GREP=/usr/bin/grep
ac_cv_path_install='/usr/bin/install -c'
ac_cv_prog_AWK=awk
ac_cv_prog_CXXCPP='g++ -E'
ac_cv_prog_ac_ct_CC=gcc
ac_cv_prog_ac_ct_CXX=g++
ac_cv_prog_ac_ct_RANLIB=ranlib
ac_cv_prog_cc_c89=
ac_cv_prog_cc_g=yes
ac_cv_prog_cxx_g=yes
ac_cv_prog_make_make_set=yes
ac_cv_target=arm-apple-darwin21.2.0
ac_cv_type__Bool=no
ac_cv_type_size_t=yes
am_cv_CC_dependencies_compiler_type=gcc3
am_cv_CXX_dependencies_compiler_type=gcc3

## ----------------- ##
## Output variables. ##
## ----------------- ##

ACLOCAL='${SHELL} /Users/fer/Desktop/botany563/softwares/clustalw-2.1/missing --run aclocal-1.11'
AMDEPBACKSLASH='\'
AMDEP_FALSE='#'
AMDEP_TRUE=''
AMTAR='${SHELL} /Users/fer/Desktop/botany563/softwares/clustalw-2.1/missing --run tar'
AUTOCONF='${SHELL} /Users/fer/Desktop/botany563/softwares/clustalw-2.1/missing --run autoconf'
AUTOHEADER='${SHELL} /Users/fer/Desktop/botany563/softwares/clustalw-2.1/missing --run autoheader'
AUTOMAKE='${SHELL} /Users/fer/Desktop/botany563/softwares/clustalw-2.1/missing --run automake-1.11'
AWK='awk'
CC='gcc'
CCDEPMODE='depmode=gcc3'
CFLAGS='-g -O2'
CLUSTALW_NAME='ClustalW'
CLUSTALW_VERSION='2.1'
CPPFLAGS=''
CXX='g++'
CXXCPP='g++ -E'
CXXDEPMODE='depmode=gcc3'
CXXFLAGS='-g -O2'
CYGPATH_W='echo'
DEFS='-DHAVE_CONFIG_H'
DEPDIR='.deps'
ECHO_C='\c'
ECHO_N=''
ECHO_T=''
EGREP='/usr/bin/grep -E'
EXEEXT=''
GREP='/usr/bin/grep'
INSTALL_DATA='${INSTALL} -m 644'
INSTALL_PROGRAM='${INSTALL}'
INSTALL_SCRIPT='${INSTALL}'
INSTALL_STRIP_PROGRAM='$(install_sh) -c -s'
LDFLAGS=''
LIBOBJS=''
LIBS=''
LTLIBOBJS=''
MAKEINFO='${SHELL} /Users/fer/Desktop/botany563/softwares/clustalw-2.1/missing --run makeinfo'
MKDIR_P='./install-sh -c -d'
OBJEXT='o'
PACKAGE='clustalw'
PACKAGE_BUGREPORT='clustalw@ucd.ie'
PACKAGE_NAME='clustalw'
PACKAGE_STRING='clustalw 2.1'
PACKAGE_TARNAME='clustalw'
PACKAGE_URL=''
PACKAGE_VERSION='2.1'
PATH_SEPARATOR=':'
RANLIB='ranlib'
SET_MAKE=''
SHELL='/bin/sh'
STRIP=''
VERSION='2.1'
ac_ct_CC='gcc'
ac_ct_CXX='g++'
am__EXEEXT_FALSE=''
am__EXEEXT_TRUE='#'
am__fastdepCC_FALSE='#'
am__fastdepCC_TRUE=''
am__fastdepCXX_FALSE='#'
am__fastdepCXX_TRUE=''
am__include='include'
am__isrc=''
am__leading_dot='.'
am__quote=''
am__tar='${AMTAR} chof - "$$tardir"'
am__untar='${AMTAR} xf -'
bindir='${exec_prefix}/bin'
build='arm-apple-darwin21.2.0'
build_alias=''
build_cpu='arm'
build_os='darwin21.2.0'
build_vendor='apple'
datadir='${datarootdir}'
datarootdir='${prefix}/share'
docdir='${datarootdir}/doc/${PACKAGE_TARNAME}'
dvidir='${docdir}'
exec_prefix='${prefix}'
host='arm-apple-darwin21.2.0'
host_alias=''
host_cpu='arm'
host_os='darwin21.2.0'
host_vendor='apple'
htmldir='${docdir}'
includedir='${prefix}/include'
infodir='${datarootdir}/info'
install_sh='${SHELL} /Users/fer/Desktop/botany563/softwares/clustalw-2.1/install-sh'
libdir='${exec_prefix}/lib'
libexecdir='${exec_prefix}/libexec'
localedir='${datarootdir}/locale'
localstatedir='${prefix}/var'
mandir='${datarootdir}/man'
mkdir_p='$(top_builddir)/./install-sh -c -d'
oldincludedir='/usr/include'
pdfdir='${docdir}'
prefix='/usr/local'
program_transform_name='s,x,x,'
psdir='${docdir}'
sbindir='${exec_prefix}/sbin'
sharedstatedir='${prefix}/com'
sysconfdir='${prefix}/etc'
target='arm-apple-darwin21.2.0'
target_alias=''
target_cpu='arm'
target_os='darwin21.2.0'
target_vendor='apple'

## ----------- ##
## confdefs.h. ##
## ----------- ##

/* confdefs.h */
#define PACKAGE_NAME "clustalw"
#define PACKAGE_TARNAME "clustalw"
#define PACKAGE_VERSION "2.1"
#define PACKAGE_STRING "clustalw 2.1"
#define PACKAGE_BUGREPORT "clustalw@ucd.ie"
#define PACKAGE_URL ""
#define OS_MAC 1
#define OS_UNIX 1
#define PACKAGE "clustalw"
#define VERSION "2.1"
#define STDC_HEADERS 1
#define HAVE_SYS_TYPES_H 1
#define HAVE_SYS_STAT_H 1
#define HAVE_STDLIB_H 1
#define HAVE_STRING_H 1
#define HAVE_MEMORY_H 1
#define HAVE_STRINGS_H 1
#define HAVE_INTTYPES_H 1
#define HAVE_STDINT_H 1
#define HAVE_UNISTD_H 1
#define HAVE_STDLIB_H 1
#define HAVE_MALLOC 1

configure: exit 0
